[35m[Appium][39m Welcome to Appium v1.22.3
[35m[Appium][39m Non-default server args:
[35m[Appium][39m   port: 60653
[35m[Appium][39m   loglevel: info
[35m[Appium][39m   tmpDir: /var/folders/_j/lgmftzqd5hq2jlrhc830s63r0000gn/T//Katalon/Appium/Temp1677230374454
[35m[Appium][39m   chromedriverPort: 60654
[35m[Appium][39m Deprecated server args:
[35m[Appium][39m   [31m--chromedriver-port[39m => --default-capabilities
[35m[Appium][39m Default capabilities, which will be added to each request unless overridden by desired capabilities:
[35m[Appium][39m   chromedriverPort: 60654
[35m[Appium][39m Appium REST http interface listener started on 0.0.0.0:60653
[35m[HTTP][39m [37m-->[39m [37mGET[39m [37m/wd/hub/status[39m
[35m[HTTP][39m [90m{}[39m
[35m[HTTP][39m [37m<-- GET /wd/hub/status [39m[32m200[39m [90m8 ms - 68[39m
[35m[HTTP][39m [90m[39m
[35m[HTTP][39m [37m-->[39m [37mGET[39m [37m/wd/hub/status[39m
[35m[HTTP][39m [90m{}[39m
[35m[HTTP][39m [37m<-- GET /wd/hub/status [39m[32m200[39m [90m2 ms - 68[39m
[35m[HTTP][39m [90m[39m
[35m[HTTP][39m [37m-->[39m [37mPOST[39m [37m/wd/hub/session[39m
[35m[HTTP][39m [90m{"desiredCapabilities":{"app":"/Users/asthalinggarfendykurniawan/Downloads/MaterialLoginExample.apk","noReset":true,"deviceName":"Xiaomi M2007J20CG (Android 12)","fullReset":false,"platform":"ANDROID","newCommandTimeout":1800,"platformVersion":"12","automationName":"uiautomator2","autoGrantPermissions":true,"platformName":"Android","udid":"f55779ea","systemPort":60667},"capabilities":{"firstMatch":[{"appium:app":"/Users/asthalinggarfendykurniawan/Downloads/MaterialLoginExample.apk","appium:autoGrantPermissions":true,"appium:automationName":"uiautomator2","appium:deviceName":"Xiaomi M2007J20CG (Android 12)","appium:fullReset":false,"appium:newCommandTimeout":1800,"appium:noReset":true,"platform":"ANDROID","platformName":"android","appium:platformVersion":"12","appium:systemPort":60667,"appium:udid":"f55779ea"}]}}[39m
[35m[BaseDriver][39m The following capabilities are not standard capabilities and should have an extension prefix:
[35m[BaseDriver][39m   platform
[35m[BaseDriver][39m   chromedriverPort
[35m[Appium][39m Appium v1.22.3 creating new AndroidUiautomator2Driver (v1.70.1) session
[35m[BaseDriver][39m The following capabilities were provided, but are not recognized by Appium:
[35m[BaseDriver][39m   platform
[35m[BaseDriver][39m Session created with session id: 9d5230c5-03e8-4ff3-8c7b-4555767af881
[35m[BaseDriver][39m Using local app '/Users/asthalinggarfendykurniawan/Downloads/MaterialLoginExample.apk'
[35m[ADB][39m Found 1 'build-tools' folders under '/Users/asthalinggarfendykurniawan/.katalon/tools/android_sdk' (newest first):
[35m[ADB][39m     /Users/asthalinggarfendykurniawan/.katalon/tools/android_sdk/build-tools/29.0.3
[35m[ADB][39m Using 'adb' from '/Users/asthalinggarfendykurniawan/.katalon/tools/android_sdk/platform-tools/adb'
[35m[AndroidDriver][39m Retrieving device list
[35m[AndroidDriver][39m Using device: f55779ea
[35m[ADB][39m Using 'adb' from '/Users/asthalinggarfendykurniawan/.katalon/tools/android_sdk/platform-tools/adb'
[35m[ADB][39m Getting device platform version
[35m[UiAutomator2][39m Relaxing hidden api policy
[35m[ADB][39m Package name: 'com.sourcey.materialloginexample'
[35m[ADB][39m Main activity name: 'com.sourcey.materiallogindemo.LoginActivity'
[35m[ADB][39m Using 'apksigner.jar' from '/Users/asthalinggarfendykurniawan/.katalon/tools/android_sdk/build-tools/29.0.3/lib/apksigner.jar'
[35m[ADB][39m '/opt/homebrew/lib/node_modules/appium/node_modules/appium-uiautomator2-server/apks/appium-uiautomator2-server-v4.27.0.apk' is signed with the default certificate
[35m[ADB][39m '/opt/homebrew/lib/node_modules/appium/node_modules/appium-uiautomator2-server/apks/appium-uiautomator2-server-debug-androidTest.apk' is signed with the default certificate
[35m[UiAutomator2][39m Server packages are not going to be (re)installed
[35m[ADB][39m Adding packages ["io.appium.settings","io.appium.uiautomator2.server","io.appium.uiautomator2.server.test"] to Doze whitelist
[35m[ADB][39m '/Users/asthalinggarfendykurniawan/Downloads/MaterialLoginExample.apk' is signed with a non-default certificate
[35m[UiAutomator2][39m Starting UIAutomator2 server 4.27.0
[35m[UiAutomator2][39m Using UIAutomator2 server from '/opt/homebrew/lib/node_modules/appium/node_modules/appium-uiautomator2-server/apks/appium-uiautomator2-server-v4.27.0.apk' and test from '/opt/homebrew/lib/node_modules/appium/node_modules/appium-uiautomator2-server/apks/appium-uiautomator2-server-debug-androidTest.apk'
[35m[UiAutomator2][39m Waiting up to 30000ms for UiAutomator2 to be online...
[35m[WD Proxy][39m socket hang up
[35m[WD Proxy][39m socket hang up
[35m[WD Proxy][39m socket hang up
[35m[WD Proxy][39m socket hang up
[35m[WD Proxy][39m socket hang up
[35m[WD Proxy][39m Determined the downstream protocol as 'W3C'
[35m[AndroidDriver][39m Screen already unlocked, doing nothing
[35m[UiAutomator2][39m Starting 'com.sourcey.materialloginexample/com.sourcey.materiallogindemo.LoginActivity and waiting for 'com.sourcey.materialloginexample/com.sourcey.materiallogindemo.LoginActivity'
[35m[Appium][39m New AndroidUiautomator2Driver session created successfully, session 9d5230c5-03e8-4ff3-8c7b-4555767af881 added to master session list
[35m[HTTP][39m [37m<-- POST /wd/hub/session [39m[32m200[39m [90m10660 ms - 1293[39m
[35m[HTTP][39m [90m[39m
[35m[HTTP][39m [37m-->[39m [37mGET[39m [37m/wd/hub/session/9d5230c5-03e8-4ff3-8c7b-4555767af881[39m
[35m[HTTP][39m [90m{}[39m
[35m[HTTP][39m [37m<-- GET /wd/hub/session/9d5230c5-03e8-4ff3-8c7b-4555767af881 [39m[32m200[39m [90m9 ms - 1247[39m
[35m[HTTP][39m [90m[39m
[35m[HTTP][39m [37m-->[39m [37mGET[39m [37m/wd/hub/session/9d5230c5-03e8-4ff3-8c7b-4555767af881[39m
[35m[HTTP][39m [90m{}[39m
[35m[HTTP][39m [37m<-- GET /wd/hub/session/9d5230c5-03e8-4ff3-8c7b-4555767af881 [39m[32m200[39m [90m9 ms - 1247[39m
[35m[HTTP][39m [90m[39m
[35m[HTTP][39m [37m-->[39m [37mGET[39m [37m/wd/hub/status[39m
[35m[HTTP][39m [90m{}[39m
[35m[HTTP][39m [37m<-- GET /wd/hub/status [39m[32m200[39m [90m1 ms - 68[39m
[35m[HTTP][39m [90m[39m
[35m[HTTP][39m [37m-->[39m [37mPOST[39m [37m/wd/hub/session/9d5230c5-03e8-4ff3-8c7b-4555767af881/timeouts[39m
[35m[HTTP][39m [90m{"implicit":60000}[39m
[35m[HTTP][39m [37m<-- POST /wd/hub/session/9d5230c5-03e8-4ff3-8c7b-4555767af881/timeouts [39m[32m200[39m [90m3 ms - 14[39m
[35m[HTTP][39m [90m[39m
[35m[HTTP][39m [37m-->[39m [37mGET[39m [37m/wd/hub/session/9d5230c5-03e8-4ff3-8c7b-4555767af881/source[39m
[35m[HTTP][39m [90m{}[39m
[35m[W3C (9d5230c5)][39m Driver proxy active, passing request on via HTTP proxy
[35m[WD Proxy][39m Replacing sessionId 696be099-1fe8-49cc-8dfd-652784d38b14 with 9d5230c5-03e8-4ff3-8c7b-4555767af881
[35m[HTTP][39m [37m<-- GET /wd/hub/session/9d5230c5-03e8-4ff3-8c7b-4555767af881/source [39m[32m200[39m [90m189 ms - 7343[39m
[35m[HTTP][39m [90m[39m
[35m[HTTP][39m [37m-->[39m [37mGET[39m [37m/wd/hub/session/9d5230c5-03e8-4ff3-8c7b-4555767af881/screenshot[39m
[35m[HTTP][39m [90m{}[39m
[35m[HTTP][39m [37m<-- GET /wd/hub/session/9d5230c5-03e8-4ff3-8c7b-4555767af881/screenshot [39m[32m200[39m [90m321 ms - 111324[39m
[35m[HTTP][39m [90m[39m
[35m[HTTP][39m [37m-->[39m [37mGET[39m [37m/wd/hub/session/9d5230c5-03e8-4ff3-8c7b-4555767af881/source[39m
[35m[HTTP][39m [90m{}[39m
[35m[W3C (9d5230c5)][39m Driver proxy active, passing request on via HTTP proxy
[35m[WD Proxy][39m Replacing sessionId 696be099-1fe8-49cc-8dfd-652784d38b14 with 9d5230c5-03e8-4ff3-8c7b-4555767af881
[35m[HTTP][39m [37m<-- GET /wd/hub/session/9d5230c5-03e8-4ff3-8c7b-4555767af881/source [39m[32m200[39m [90m66 ms - 12719[39m
[35m[HTTP][39m [90m[39m
[35m[HTTP][39m [37m-->[39m [37mGET[39m [37m/wd/hub/session/9d5230c5-03e8-4ff3-8c7b-4555767af881/screenshot[39m
[35m[HTTP][39m [90m{}[39m
[35m[HTTP][39m [37m<-- GET /wd/hub/session/9d5230c5-03e8-4ff3-8c7b-4555767af881/screenshot [39m[32m200[39m [90m330 ms - 145106[39m
[35m[HTTP][39m [90m[39m
[35m[HTTP][39m [37m-->[39m [37mPOST[39m [37m/wd/hub/session/9d5230c5-03e8-4ff3-8c7b-4555767af881/elements[39m
[35m[HTTP][39m [90m{"using":"xpath","value":"//*[@class = 'android.widget.Button' and (@text = 'CREATE ACCOUNT' or . = 'CREATE ACCOUNT') and @resource-id = 'com.sourcey.materialloginexample:id/btn_signup']"}[39m
[35m[HTTP][39m [37m<-- POST /wd/hub/session/9d5230c5-03e8-4ff3-8c7b-4555767af881/elements [39m[32m200[39m [90m191 ms - 139[39m
[35m[HTTP][39m [90m[39m
[35m[HTTP][39m [37m-->[39m [37mGET[39m [37m/wd/hub/session/9d5230c5-03e8-4ff3-8c7b-4555767af881/source[39m
[35m[HTTP][39m [90m{}[39m
[35m[W3C (9d5230c5)][39m Driver proxy active, passing request on via HTTP proxy
[35m[WD Proxy][39m Replacing sessionId 696be099-1fe8-49cc-8dfd-652784d38b14 with 9d5230c5-03e8-4ff3-8c7b-4555767af881
[35m[HTTP][39m [37m<-- GET /wd/hub/session/9d5230c5-03e8-4ff3-8c7b-4555767af881/source [39m[32m200[39m [90m42 ms - 7343[39m
[35m[HTTP][39m [90m[39m
[35m[HTTP][39m [37m-->[39m [37mGET[39m [37m/wd/hub/session/9d5230c5-03e8-4ff3-8c7b-4555767af881/screenshot[39m
[35m[HTTP][39m [90m{}[39m
[35m[HTTP][39m [37m<-- GET /wd/hub/session/9d5230c5-03e8-4ff3-8c7b-4555767af881/screenshot [39m[32m200[39m [90m311 ms - 112030[39m
[35m[HTTP][39m [90m[39m
[35m[HTTP][39m [37m-->[39m [37mGET[39m [37m/wd/hub/session/9d5230c5-03e8-4ff3-8c7b-4555767af881/source[39m
[35m[HTTP][39m [90m{}[39m
[35m[W3C (9d5230c5)][39m Driver proxy active, passing request on via HTTP proxy
[35m[WD Proxy][39m Replacing sessionId 696be099-1fe8-49cc-8dfd-652784d38b14 with 9d5230c5-03e8-4ff3-8c7b-4555767af881
[35m[HTTP][39m [37m<-- GET /wd/hub/session/9d5230c5-03e8-4ff3-8c7b-4555767af881/source [39m[32m200[39m [90m43 ms - 12719[39m
[35m[HTTP][39m [90m[39m
[35m[HTTP][39m [37m-->[39m [37mGET[39m [37m/wd/hub/session/9d5230c5-03e8-4ff3-8c7b-4555767af881/screenshot[39m
[35m[HTTP][39m [90m{}[39m
[35m[HTTP][39m [37m<-- GET /wd/hub/session/9d5230c5-03e8-4ff3-8c7b-4555767af881/screenshot [39m[32m200[39m [90m307 ms - 145106[39m
[35m[HTTP][39m [90m[39m
[35m[HTTP][39m [37m-->[39m [37mPOST[39m [37m/wd/hub/session/9d5230c5-03e8-4ff3-8c7b-4555767af881/elements[39m
[35m[HTTP][39m [90m{"using":"xpath","value":"//*[@class = 'android.widget.TextView' and (@text = 'Already a member? Login' or . = 'Already a member? Login') and @resource-id = 'com.sourcey.materialloginexample:id/link_login']"}[39m
[35m[HTTP][39m [37m<-- POST /wd/hub/session/9d5230c5-03e8-4ff3-8c7b-4555767af881/elements [39m[32m200[39m [90m64 ms - 139[39m
[35m[HTTP][39m [90m[39m
[35m[HTTP][39m [37m-->[39m [37mDELETE[39m [37m/wd/hub/session/9d5230c5-03e8-4ff3-8c7b-4555767af881[39m
[35m[HTTP][39m [90m{}[39m
[35m[Appium][39m Removing session 9d5230c5-03e8-4ff3-8c7b-4555767af881 from our master session list
[35m[UiAutomator2][39m Restoring hidden api policy to the device default configuration
[35m[HTTP][39m [37m<-- DELETE /wd/hub/session/9d5230c5-03e8-4ff3-8c7b-4555767af881 [39m[32m200[39m [90m283 ms - 14[39m
[35m[HTTP][39m [90m[39m
